<?xml version="1.0" encoding="UTF-8"?>
<coverage generated="1633657280523" clover="3.2.0">
  <project timestamp="1633657280523" name="All files">
    <metrics statements="19" coveredstatements="19" conditionals="12" coveredconditionals="12" methods="4" coveredmethods="4" elements="35" coveredelements="35" complexity="0" loc="19" ncloc="19" packages="1" files="1" classes="1"/>
    <file name="Main.js" path="C:\Users\vladi\OneDrive\Tendencia de desarrollo\MorseCode\Main.js">
      <metrics statements="19" coveredstatements="19" conditionals="12" coveredconditionals="12" methods="4" coveredmethods="4"/>
      <line num="1" count="1" type="stmt"/>
      <line num="7" count="1" type="stmt"/>
      <line num="9" count="3" type="stmt"/>
      <line num="10" count="17" type="cond" truecount="2" falsecount="0"/>
      <line num="11" count="9" type="stmt"/>
      <line num="16" count="7" type="stmt"/>
      <line num="17" count="7" type="cond" truecount="4" falsecount="0"/>
      <line num="18" count="1" type="stmt"/>
      <line num="21" count="6" type="cond" truecount="2" falsecount="0"/>
      <line num="22" count="1" type="stmt"/>
      <line num="24" count="5" type="cond" truecount="2" falsecount="0"/>
      <line num="25" count="1" type="stmt"/>
      <line num="28" count="4" type="cond" truecount="2" falsecount="0"/>
      <line num="30" count="1" type="stmt"/>
      <line num="33" count="3" type="stmt"/>
      <line num="34" count="3" type="stmt"/>
      <line num="35" count="17" type="stmt"/>
      <line num="37" count="3" type="stmt"/>
      <line num="41" count="1" type="stmt"/>
    </file>
  </project>
</coverage>
