{"C:\\Users\\vladi\\OneDrive\\Tendencia de desarrollo\\MorseCode\\Main.js": {"path":"C:\\Users\\vladi\\OneDrive\\Tendencia de desarrollo\\MorseCode\\Main.js","statementMap":{"0":{"start":{"line":1,"column":19},"end":{"line":5,"column":1}},"1":{"start":{"line":7,"column":18},"end":{"line":13,"column":1}},"2":{"start":{"line":8,"column":4},"end":{"line":12,"column":6}},"3":{"start":{"line":9,"column":8},"end":{"line":11,"column":9}},"4":{"start":{"line":10,"column":12},"end":{"line":10,"column":39}},"5":{"start":{"line":16,"column":21},"end":{"line":16,"column":38}},"6":{"start":{"line":18,"column":4},"end":{"line":20,"column":5}},"7":{"start":{"line":19,"column":8},"end":{"line":19,"column":32}},"8":{"start":{"line":22,"column":4},"end":{"line":24,"column":5}},"9":{"start":{"line":23,"column":8},"end":{"line":23,"column":40}},"10":{"start":{"line":26,"column":4},"end":{"line":28,"column":5}},"11":{"start":{"line":27,"column":8},"end":{"line":27,"column":41}},"12":{"start":{"line":30,"column":4},"end":{"line":38,"column":5}},"13":{"start":{"line":31,"column":8},"end":{"line":31,"column":46}},"14":{"start":{"line":33,"column":22},"end":{"line":33,"column":40}},"15":{"start":{"line":34,"column":23},"end":{"line":36,"column":10}},"16":{"start":{"line":35,"column":12},"end":{"line":35,"column":35}},"17":{"start":{"line":37,"column":8},"end":{"line":37,"column":36}},"18":{"start":{"line":41,"column":0},"end":{"line":41,"column":31}}},"fnMap":{"0":{"name":"(anonymous_0)","decl":{"start":{"line":7,"column":18},"end":{"line":7,"column":19}},"loc":{"start":{"line":7,"column":30},"end":{"line":13,"column":1}},"line":7},"1":{"name":"(anonymous_1)","decl":{"start":{"line":8,"column":47},"end":{"line":8,"column":48}},"loc":{"start":{"line":8,"column":56},"end":{"line":12,"column":5}},"line":8},"2":{"name":"morseFunction","decl":{"start":{"line":14,"column":9},"end":{"line":14,"column":22}},"loc":{"start":{"line":14,"column":32},"end":{"line":39,"column":1}},"line":14},"3":{"name":"(anonymous_3)","decl":{"start":{"line":34,"column":36},"end":{"line":34,"column":37}},"loc":{"start":{"line":34,"column":48},"end":{"line":36,"column":9}},"line":34}},"branchMap":{"0":{"loc":{"start":{"line":9,"column":8},"end":{"line":11,"column":9}},"type":"if","locations":[{"start":{"line":9,"column":8},"end":{"line":11,"column":9}},{"start":{"line":9,"column":8},"end":{"line":11,"column":9}}],"line":9},"1":{"loc":{"start":{"line":18,"column":4},"end":{"line":20,"column":5}},"type":"if","locations":[{"start":{"line":18,"column":4},"end":{"line":20,"column":5}},{"start":{"line":18,"column":4},"end":{"line":20,"column":5}}],"line":18},"2":{"loc":{"start":{"line":18,"column":7},"end":{"line":18,"column":34}},"type":"binary-expr","locations":[{"start":{"line":18,"column":7},"end":{"line":18,"column":22}},{"start":{"line":18,"column":26},"end":{"line":18,"column":34}}],"line":18},"3":{"loc":{"start":{"line":22,"column":4},"end":{"line":24,"column":5}},"type":"if","locations":[{"start":{"line":22,"column":4},"end":{"line":24,"column":5}},{"start":{"line":22,"column":4},"end":{"line":24,"column":5}}],"line":22},"4":{"loc":{"start":{"line":26,"column":4},"end":{"line":28,"column":5}},"type":"if","locations":[{"start":{"line":26,"column":4},"end":{"line":28,"column":5}},{"start":{"line":26,"column":4},"end":{"line":28,"column":5}}],"line":26},"5":{"loc":{"start":{"line":30,"column":4},"end":{"line":38,"column":5}},"type":"if","locations":[{"start":{"line":30,"column":4},"end":{"line":38,"column":5}},{"start":{"line":30,"column":4},"end":{"line":38,"column":5}}],"line":30}},"s":{"0":1,"1":1,"2":3,"3":14,"4":9,"5":7,"6":7,"7":1,"8":6,"9":1,"10":5,"11":1,"12":4,"13":1,"14":3,"15":3,"16":14,"17":3,"18":1},"f":{"0":3,"1":14,"2":7,"3":14},"b":{"0":[9,5],"1":[1,6],"2":[7,6],"3":[1,5],"4":[1,4],"5":[1,3]},"_coverageSchema":"1a1c01bbd47fc00a2c39e90264f33305004495a9","hash":"4d1e0438fae89cdf24f9dcace5dce951a96e9a05"}
}
