TN:
SF:Main.js
FN:7,(anonymous_0)
FN:9,(anonymous_1)
FN:15,morseFunction
FN:34,(anonymous_3)
FNF:4
FNH:4
FNDA:3,(anonymous_0)
FNDA:17,(anonymous_1)
FNDA:7,morseFunction
FNDA:17,(anonymous_3)
DA:1,1
DA:7,1
DA:9,3
DA:10,17
DA:11,9
DA:16,7
DA:17,7
DA:18,1
DA:21,6
DA:22,1
DA:24,5
DA:25,1
DA:28,4
DA:30,1
DA:33,3
DA:34,3
DA:35,17
DA:37,3
DA:41,1
LF:19
LH:19
BRDA:10,0,0,9
BRDA:10,0,1,8
BRDA:17,1,0,1
BRDA:17,1,1,6
BRDA:17,2,0,7
BRDA:17,2,1,6
BRDA:21,3,0,1
BRDA:21,3,1,5
BRDA:24,4,0,1
BRDA:24,4,1,4
BRDA:28,5,0,1
BRDA:28,5,1,3
BRF:12
BRH:12
end_of_record
