TN:
SF:Main.js
FN:7,(anonymous_0)
FN:8,(anonymous_1)
FN:14,morseFunction
FN:34,(anonymous_3)
FNF:4
FNH:4
FNDA:3,(anonymous_0)
FNDA:14,(anonymous_1)
FNDA:7,morseFunction
FNDA:14,(anonymous_3)
DA:1,1
DA:7,1
DA:8,3
DA:9,14
DA:10,9
DA:16,7
DA:18,7
DA:19,1
DA:22,6
DA:23,1
DA:26,5
DA:27,1
DA:30,4
DA:31,1
DA:33,3
DA:34,3
DA:35,14
DA:37,3
DA:41,1
LF:19
LH:19
BRDA:9,0,0,9
BRDA:9,0,1,5
BRDA:18,1,0,1
BRDA:18,1,1,6
BRDA:18,2,0,7
BRDA:18,2,1,6
BRDA:22,3,0,1
BRDA:22,3,1,5
BRDA:26,4,0,1
BRDA:26,4,1,4
BRDA:30,5,0,1
BRDA:30,5,1,3
BRF:12
BRH:12
end_of_record
